#
# A fatal error has been detected by the Java Runtime Environment:
#
#  EXCEPTION_ACCESS_VIOLATION (0xc0000005) at pc=0x00007ff88e8fed1d, pid=12332, tid=9588
#
# JRE version: Java(TM) SE Runtime Environment (11.0.1+13) (build 11.0.1+13-LTS)
# Java VM: Java HotSpot(TM) 64-Bit Server VM (11.0.1+13-LTS, mixed mode, tiered, compressed oops, g1 gc, windows-amd64)
# Problematic frame:
# V  [jvm.dll+0x2eed1d]
#
# No core dump will be written. Minidumps are not enabled by default on client versions of Windows
#
# If you would like to submit a bug report, please visit:
#   http://bugreport.java.com/bugreport/crash.jsp
#

---------------  S U M M A R Y ------------

Command Line: -XX:TieredStopAtLevel=1 -Xverify:none -Dspring.output.ansi.enabled=always -javaagent:D:\idea20203pj_186103\lib\idea_rt.jar=23481:D:\idea20203pj_186103\bin -Dcom.sun.management.jmxremote -Dspring.jmx.enabled=true -Dspring.liveBeansView.mbeanDomain -Dspring.application.admin.enabled=true -Dfile.encoding=UTF-8 fun.krits.eduservice.EduApplication

Host: Intel(R) Core(TM) i7-8750H CPU @ 2.20GHz, 12 cores, 15G,  Windows 10 , 64 bit Build 18362 (10.0.18362.1316)
Time: Wed Feb  3 00:39:16 2021 ?D1¨²¡À¨º¡Á?¨º¡À?? elapsed time: 26419 seconds (0d 7h 20m 19s)

---------------  T H R E A D  ---------------

Current thread (0x000002972c15d800):  GCTaskThread "GC Thread#5" [stack: 0x000000f98b800000,0x000000f98b900000] [id=9588]

Stack: [0x000000f98b800000,0x000000f98b900000],  sp=0x000000f98b8ff5c0,  free space=1021k
Native frames: (J=compiled Java code, j=interpreted, Vv=VM code, C=native code)
V  [jvm.dll+0x2eed1d]
V  [jvm.dll+0x2eec60]
V  [jvm.dll+0x2ee983]
V  [jvm.dll+0x2f0da8]
V  [jvm.dll+0x316542]
V  [jvm.dll+0x3265ee]
V  [jvm.dll+0x2c9190]
V  [jvm.dll+0x2c90b1]
V  [jvm.dll+0x2f520b]
V  [jvm.dll+0x327116]
V  [jvm.dll+0x2f7be6]
V  [jvm.dll+0x7ab4e0]
V  [jvm.dll+0x63b2b2]
C  [ucrtbase.dll+0x210b2]
C  [KERNEL32.DLL+0x17c24]
C  [ntdll.dll+0x6d4d1]


siginfo: EXCEPTION_ACCESS_VIOLATION (0xc0000005), reading address 0xffffffffffffffff


Register to memory mapping:

RIP=0x00007ff88e8fed1d jvm.dll
RAX=0x00000297066c96c0 points into unknown readable memory
RBX=0x000002972cd8e520 points into unknown readable memory
RCX=0x0000000000000014 is an unknown value
RDX=0xe8b7a0e8b6a0e8b5 is an unknown value
RSP=0x000000f98b8ff5c0 points into unknown readable memory
RBP=0x000002972cd8e690 points into unknown readable memory
RSI=0x00000297066dd4d0 points into unknown readable memory
RDI=0x00000007046d9ef0 is pointing into object: 0x00000007046ce3c0
[Ljava.util.concurrent.ConcurrentHashMap$Node; 
{0x00000007046ce3c0} - klass: 'java/util/concurrent/ConcurrentHashMap$Node'[]
 - length: 16384
R8 =0x00000007046d9ef0 is pointing into object: 0x00000007046ce3c0
[Ljava.util.concurrent.ConcurrentHashMap$Node; 
{0x00000007046ce3c0} - klass: 'java/util/concurrent/ConcurrentHashMap$Node'[]
 - length: 16384
R9 =0x0000000000000400 is an unknown value
R10=0x000000000000000c is an unknown value
R11=0x0000000000000001 is an unknown value
R12=0x0 is NULL
R13=0x000000f98b8ff8d8 points into unknown readable memory
R14=0x00000007046d9f50 is pointing into object: 0x00000007046ce3c0
[Ljava.util.concurrent.ConcurrentHashMap$Node; 
{0x00000007046ce3c0} - klass: 'java/util/concurrent/ConcurrentHashMap$Node'[]
 - length: 16384
R15=0x0000000000002eae is an unknown value


Registers:
RAX=0x00000297066c96c0, RBX=0x000002972cd8e520, RCX=0x0000000000000014, RDX=0xe8b7a0e8b6a0e8b5
RSP=0x000000f98b8ff5c0, RBP=0x000002972cd8e690, RSI=0x00000297066dd4d0, RDI=0x00000007046d9ef0
R8 =0x00000007046d9ef0, R9 =0x0000000000000400, R10=0x000000000000000c, R11=0x0000000000000001
R12=0x0000000000000000, R13=0x000000f98b8ff8d8, R14=0x00000007046d9f50, R15=0x0000000000002eae
RIP=0x00007ff88e8fed1d, EFLAGS=0x0000000000010206

Top of Stack: (sp=0x000000f98b8ff5c0)
0x000000f98b8ff5c0:   0000000000000006 00007ff88e9274a5
0x000000f98b8ff5d0:   0000000000000002 00000007046eaaa5
0x000000f98b8ff5e0:   00000007046d9e95 00007ff88e8fec60
0x000000f98b8ff5f0:   0000000000000079 00000007046d9e95
0x000000f98b8ff600:   000000000000000f 0000000000000001
0x000000f98b8ff610:   0000000000002ee0 00007ff88e8fe983
0x000000f98b8ff620:   0000000708d6a372 000002972cd8e690
0x000000f98b8ff630:   000002972cd8e520 0000000000002ee0
0x000000f98b8ff640:   0000029700002ee0 000000f98b8ff8d8
0x000000f98b8ff650:   00000007046ce3c0 00007ff88e900da8
0x000000f98b8ff660:   000002972cd8e520 0000000708d6a372
0x000000f98b8ff670:   00000297066dd4d0 000000f98b8ff8d8
0x000000f98b8ff680:   00000297066dd4d0 0000000000000100
0x000000f98b8ff690:   0000000708d6a372 00007ff88e926542
0x000000f98b8ff6a0:   000002972cd8e520 00000297066dd4d8
0x000000f98b8ff6b0:   0000000000000040 00000007046d9dd4 

Instructions: (pc=0x00007ff88e8fed1d)
0x00007ff88e8fecfd:   8b d9 d1 e8 a8 01 75 6b 48 8b 41 08 8b 88 c0 02
0x00007ff88e8fed0d:   00 00 48 8b 80 b0 02 00 00 49 d3 e9 4a 8b 14 c8
0x00007ff88e8fed1d:   48 8b 82 f8 00 00 00 83 b8 18 01 00 00 00 74 43
0x00007ff88e8fed2d:   48 8b 4b 50 48 89 7c 24 30 49 c1 e8 09 48 8b 79 



---------------  P R O C E S S  ---------------

Threads class SMR info:
_java_thread_list=0x000002972b3b6860, length=43, elements={
0x000002972abf7800, 0x000002972ac34800, 0x000002972ac91800, 0x000002972ac93800,
0x000002972ac94800, 0x000002972aca4000, 0x000002972abe0800, 0x000002972b5e3000,
0x000002972b5e6000, 0x000002972b704000, 0x000002972b75e000, 0x000002972c982000,
0x000002972c985800, 0x000002972c986800, 0x000002972c988800, 0x000002972c987000,
0x000002972c983000, 0x000002972e235800, 0x000002972e239000, 0x000002972e238000,
0x000002972e236800, 0x000002972e230800, 0x000002972e23b800, 0x000002972e23a800,
0x000002972e23c000, 0x000002972e23d000, 0x000002972e237800, 0x000002972e23e000,
0x000002972e239800, 0x000002972e882800, 0x000002972e885000, 0x000002972e881800,
0x000002972e886800, 0x000002972e888800, 0x000002972e884000, 0x000002972e889000,
0x000002972e883800, 0x000002972e88a800, 0x000002972e887800, 0x000002972e88a000,
0x000002972e886000, 0x000002972e88f800, 0x000002972e88d000
}

Java Threads: ( => current thread )
  0x000002972abf7800 JavaThread "Reference Handler" daemon [_thread_blocked, id=5708, stack(0x000000f98a600000,0x000000f98a700000)]
  0x000002972ac34800 JavaThread "Finalizer" daemon [_thread_blocked, id=10364, stack(0x000000f98a700000,0x000000f98a800000)]
  0x000002972ac91800 JavaThread "Signal Dispatcher" daemon [_thread_blocked, id=8176, stack(0x000000f98a800000,0x000000f98a900000)]
  0x000002972ac93800 JavaThread "Attach Listener" daemon [_thread_blocked, id=1852, stack(0x000000f98a900000,0x000000f98aa00000)]
  0x000002972ac94800 JavaThread "C1 CompilerThread0" daemon [_thread_blocked, id=17128, stack(0x000000f98aa00000,0x000000f98ab00000)]
  0x000002972aca4000 JavaThread "Sweeper thread" daemon [_thread_blocked, id=6656, stack(0x000000f98ab00000,0x000000f98ac00000)]
  0x000002972abe0800 JavaThread "Common-Cleaner" daemon [_thread_blocked, id=8328, stack(0x000000f98ac00000,0x000000f98ad00000)]
  0x000002972b5e3000 JavaThread "Monitor Ctrl-Break" daemon [_thread_in_native, id=17208, stack(0x000000f98ae00000,0x000000f98af00000)]
  0x000002972b5e6000 JavaThread "Service Thread" daemon [_thread_blocked, id=3444, stack(0x000000f98af00000,0x000000f98b000000)]
  0x000002972b704000 JavaThread "RMI TCP Accept-0" daemon [_thread_in_native, id=8240, stack(0x000000f98b000000,0x000000f98b100000)]
  0x000002972b75e000 JavaThread "RMI Scheduler(0)" daemon [_thread_blocked, id=15156, stack(0x000000f98bb00000,0x000000f98bc00000)]
  0x000002972c982000 JavaThread "logback-2" daemon [_thread_blocked, id=9840, stack(0x000000f98b300000,0x000000f98b400000)]
  0x000002972c985800 JavaThread "Catalina-utility-1" [_thread_blocked, id=10484, stack(0x000000f98c500000,0x000000f98c600000)]
  0x000002972c986800 JavaThread "Catalina-utility-2" [_thread_blocked, id=4024, stack(0x000000f98c600000,0x000000f98c700000)]
  0x000002972c988800 JavaThread "container-0" [_thread_blocked, id=11252, stack(0x000000f98c700000,0x000000f98c800000)]
  0x000002972c987000 JavaThread "mysql-cj-abandoned-connection-cleanup" daemon [_thread_blocked, id=19144, stack(0x000000f98c800000,0x000000f98c900000)]
  0x000002972c983000 JavaThread "HikariPool-1 housekeeper" daemon [_thread_blocked, id=17768, stack(0x000000f98ca00000,0x000000f98cb00000)]
  0x000002972e235800 JavaThread "ForkJoinPool.commonPool-worker-21" daemon [_thread_blocked, id=3476, stack(0x000000f98d400000,0x000000f98d500000)]
  0x000002972e239000 JavaThread "Live Reload Server" daemon [_thread_in_native, id=7744, stack(0x000000f98b200000,0x000000f98b300000)]
  0x000002972e238000 JavaThread "File Watcher" daemon [_thread_blocked, id=10284, stack(0x000000f98c400000,0x000000f98c500000)]
  0x000002972e236800 JavaThread "spring.cloud.inetutils" daemon [_thread_blocked, id=18988, stack(0x000000f98ad00000,0x000000f98ae00000)]
  0x000002972e230800 JavaThread "http-nio-8001-BlockPoller" daemon [_thread_in_native, id=5388, stack(0x000000f98d900000,0x000000f98da00000)]
  0x000002972e23b800 JavaThread "http-nio-8001-exec-1" daemon [_thread_blocked, id=17556, stack(0x000000f98da00000,0x000000f98db00000)]
  0x000002972e23a800 JavaThread "http-nio-8001-exec-2" daemon [_thread_blocked, id=17824, stack(0x000000f98db00000,0x000000f98dc00000)]
  0x000002972e23c000 JavaThread "http-nio-8001-exec-3" daemon [_thread_blocked, id=14252, stack(0x000000f98dc00000,0x000000f98dd00000)]
  0x000002972e23d000 JavaThread "http-nio-8001-exec-4" daemon [_thread_blocked, id=18256, stack(0x000000f98dd00000,0x000000f98de00000)]
  0x000002972e237800 JavaThread "http-nio-8001-exec-5" daemon [_thread_blocked, id=12012, stack(0x000000f98de00000,0x000000f98df00000)]
  0x000002972e23e000 JavaThread "http-nio-8001-exec-6" daemon [_thread_blocked, id=16056, stack(0x000000f98df00000,0x000000f98e000000)]
  0x000002972e239800 JavaThread "http-nio-8001-exec-7" daemon [_thread_blocked, id=17976, stack(0x000000f98e000000,0x000000f98e100000)]
  0x000002972e882800 JavaThread "http-nio-8001-exec-8" daemon [_thread_blocked, id=11044, stack(0x000000f98e100000,0x000000f98e200000)]
  0x000002972e885000 JavaThread "http-nio-8001-exec-9" daemon [_thread_blocked, id=9884, stack(0x000000f98e200000,0x000000f98e300000)]
  0x000002972e881800 JavaThread "http-nio-8001-exec-10" daemon [_thread_blocked, id=6408, stack(0x000000f98e300000,0x000000f98e400000)]
  0x000002972e886800 JavaThread "http-nio-8001-ClientPoller" daemon [_thread_blocked, id=9896, stack(0x000000f98e400000,0x000000f98e500000)]
  0x000002972e888800 JavaThread "http-nio-8001-Acceptor" daemon [_thread_in_native, id=16192, stack(0x000000f98e500000,0x000000f98e600000)]
  0x000002972e884000 JavaThread "DestroyJavaVM" [_thread_blocked, id=4304, stack(0x000000f989f00000,0x000000f98a000000)]
  0x000002972e889000 JavaThread "logback-3" daemon [_thread_blocked, id=11148, stack(0x000000f989c00000,0x000000f989d00000)]
  0x000002972e883800 JavaThread "logback-4" daemon [_thread_blocked, id=4804, stack(0x000000f989d00000,0x000000f989e00000)]
  0x000002972e88a800 JavaThread "logback-5" daemon [_thread_blocked, id=3020, stack(0x000000f989e00000,0x000000f989f00000)]
  0x000002972e887800 JavaThread "logback-6" daemon [_thread_blocked, id=5380, stack(0x000000f98ba00000,0x000000f98bb00000)]
  0x000002972e88a000 JavaThread "logback-7" daemon [_thread_blocked, id=10272, stack(0x000000f98bc00000,0x000000f98bd00000)]
  0x000002972e886000 JavaThread "logback-8" daemon [_thread_blocked, id=4732, stack(0x000000f98c300000,0x000000f98c400000)]
  0x000002972e88f800 JavaThread "logback-9" daemon [_thread_blocked, id=16040, stack(0x000000f98be00000,0x000000f98bf00000)]
  0x000002972e88d000 JavaThread "System Clock" daemon [_thread_blocked, id=21444, stack(0x000000f98bd00000,0x000000f98be00000)]

Other Threads:
  0x000002972abf2800 VMThread "VM Thread" [stack: 0x000000f98a500000,0x000000f98a600000] [id=9608]
  0x000002972b6ee000 WatcherThread [stack: 0x000000f98b100000,0x000000f98b200000] [id=17012]
  0x00000297066dc000 GCTaskThread "GC Thread#0" [stack: 0x000000f98a000000,0x000000f98a100000] [id=18808]
  0x000002972bfad000 GCTaskThread "GC Thread#1" [stack: 0x000000f98b400000,0x000000f98b500000] [id=2396]
  0x000002972c14f800 GCTaskThread "GC Thread#2" [stack: 0x000000f98b500000,0x000000f98b600000] [id=4044]
  0x000002972c150000 GCTaskThread "GC Thread#3" [stack: 0x000000f98b600000,0x000000f98b700000] [id=6364]
  0x000002972c150800 GCTaskThread "GC Thread#4" [stack: 0x000000f98b700000,0x000000f98b800000] [id=15680]
=>0x000002972c15d800 GCTaskThread "GC Thread#5" [stack: 0x000000f98b800000,0x000000f98b900000] [id=9588]
  0x000002972c30a000 GCTaskThread "GC Thread#6" [stack: 0x000000f98c000000,0x000000f98c100000] [id=11592]
  0x000002972c306800 GCTaskThread "GC Thread#7" [stack: 0x000000f98c100000,0x000000f98c200000] [id=6776]
  0x000002972e267800 GCTaskThread "GC Thread#8" [stack: 0x000000f98d700000,0x000000f98d800000] [id=2948]
  0x000002972e268000 GCTaskThread "GC Thread#9" [stack: 0x000000f98d800000,0x000000f98d900000] [id=3212]
  0x0000029706739000 ConcurrentGCThread "G1 Main Marker" [stack: 0x000000f98a100000,0x000000f98a200000] [id=6168]
  0x000002970673a800 ConcurrentGCThread "G1 Conc#0" [stack: 0x000000f98a200000,0x000000f98a300000] [id=2808]
  0x000002972c578000 ConcurrentGCThread "G1 Conc#1" [stack: 0x000000f98bf00000,0x000000f98c000000] [id=17848]
  0x000002972c577800 ConcurrentGCThread "G1 Conc#2" [stack: 0x000000f98c200000,0x000000f98c300000] [id=12468]
  0x000002972a24d000 ConcurrentGCThread "G1 Refine#0" [stack: 0x000000f98a300000,0x000000f98a400000] [id=12084]
  0x000002972af5c800 ConcurrentGCThread "G1 Refine#1" [stack: 0x000000f98b900000,0x000000f98ba00000] [id=15760]
  0x000002972a24e000 ConcurrentGCThread "G1 Young RemSet Sampling" [stack: 0x000000f98a400000,0x000000f98a500000] [id=12420]

Threads with active compile tasks:

VM state:at safepoint (normal execution)

VM Mutex/Monitor currently owned by a thread:  ([mutex/lock_event])
[0x000002970465cd20] Threads_lock - owner thread: 0x000002972abf2800
[0x000002970465d7d0] Heap_lock - owner thread: 0x000002972e886800

Heap address: 0x0000000702800000, size: 4056 MB, Compressed Oops mode: Zero based, Oop shift amount: 3
Narrow klass base: 0x0000000800000000, Narrow klass shift: 0
Compressed class space size: 1073741824 Address: 0x0000000800000000

Heap:
 garbage-first heap   total 260096K, used 186462K [0x0000000702800000, 0x0000000800000000)
  region size 1024K, 150 young (153600K), 2 survivors (2048K)
 Metaspace       used 57014K, capacity 58966K, committed 59088K, reserved 1099776K
  class space    used 7138K, capacity 7919K, committed 8012K, reserved 1048576K
Heap Regions: E=young(eden), S=young(survivor), O=old, HS=humongous(starts), HC=humongous(continues), CS=collection set, F=free, A=archive, TAMS=top-at-mark-start (previous, next)
|   0|0x0000000702800000, 0x0000000702900000, 0x0000000702900000|100%|HS|  |TAMS 0x0000000702900000, 0x0000000702800000| Complete 
|   1|0x0000000702900000, 0x0000000702a00000, 0x0000000702a00000|100%| O|  |TAMS 0x0000000702a00000, 0x0000000702900000| Untracked 
|   2|0x0000000702a00000, 0x0000000702b00000, 0x0000000702b00000|100%| O|  |TAMS 0x0000000702b00000, 0x0000000702a00000| Untracked 
|   3|0x0000000702b00000, 0x0000000702c00000, 0x0000000702c00000|100%| O|  |TAMS 0x0000000702c00000, 0x0000000702b00000| Untracked 
|   4|0x0000000702c00000, 0x0000000702d00000, 0x0000000702d00000|100%| O|  |TAMS 0x0000000702d00000, 0x0000000702c00000| Untracked 
|   5|0x0000000702d00000, 0x0000000702e00000, 0x0000000702e00000|100%| O|  |TAMS 0x0000000702e00000, 0x0000000702d00000| Untracked 
|   6|0x0000000702e00000, 0x0000000702f00000, 0x0000000702f00000|100%| O|  |TAMS 0x0000000702f00000, 0x0000000702e00000| Untracked 
|   7|0x0000000702f00000, 0x0000000703000000, 0x0000000703000000|100%| O|  |TAMS 0x0000000703000000, 0x0000000702f00000| Untracked 
|   8|0x0000000703000000, 0x0000000703100000, 0x0000000703100000|100%| O|  |TAMS 0x0000000703100000, 0x0000000703000000| Untracked 
|   9|0x0000000703100000, 0x0000000703200000, 0x0000000703200000|100%| O|  |TAMS 0x0000000703200000, 0x0000000703100000| Untracked 
|  10|0x0000000703200000, 0x0000000703300000, 0x0000000703300000|100%| O|  |TAMS 0x000000070327f400, 0x0000000703200000| Untracked 
|  11|0x0000000703300000, 0x0000000703400000, 0x0000000703400000|100%| O|  |TAMS 0x0000000703300000, 0x0000000703300000| Untracked 
|  12|0x0000000703400000, 0x0000000703500000, 0x0000000703500000|100%| O|  |TAMS 0x0000000703400000, 0x0000000703400000| Untracked 
|  13|0x0000000703500000, 0x0000000703600000, 0x0000000703600000|100%| O|  |TAMS 0x0000000703500000, 0x0000000703500000| Untracked 
|  14|0x0000000703600000, 0x0000000703700000, 0x0000000703700000|100%| O|  |TAMS 0x0000000703600000, 0x0000000703600000| Untracked 
|  15|0x0000000703700000, 0x0000000703800000, 0x0000000703800000|100%| O|  |TAMS 0x0000000703700000, 0x0000000703700000| Untracked 
|  16|0x0000000703800000, 0x0000000703900000, 0x0000000703900000|100%| O|  |TAMS 0x0000000703800000, 0x0000000703800000| Untracked 
|  17|0x0000000703900000, 0x0000000703a00000, 0x0000000703a00000|100%| O|  |TAMS 0x0000000703900000, 0x0000000703900000| Untracked 
|  18|0x0000000703a00000, 0x0000000703b00000, 0x0000000703b00000|100%| O|  |TAMS 0x0000000703a00000, 0x0000000703a00000| Untracked 
|  19|0x0000000703b00000, 0x0000000703c00000, 0x0000000703c00000|100%| O|  |TAMS 0x0000000703b00000, 0x0000000703b00000| Untracked 
|  20|0x0000000703c00000, 0x0000000703d00000, 0x0000000703d00000|100%| O|  |TAMS 0x0000000703c00000, 0x0000000703c00000| Untracked 
|  21|0x0000000703d00000, 0x0000000703e00000, 0x0000000703e00000|100%| O|  |TAMS 0x0000000703d00000, 0x0000000703d00000| Untracked 
|  22|0x0000000703e00000, 0x0000000703f00000, 0x0000000703f00000|100%| O|  |TAMS 0x0000000703e00000, 0x0000000703e00000| Untracked 
|  23|0x0000000703f00000, 0x0000000704000000, 0x0000000704000000|100%| O|  |TAMS 0x0000000703f00000, 0x0000000703f00000| Untracked 
|  24|0x0000000704000000, 0x0000000704100000, 0x0000000704100000|100%| O|  |TAMS 0x0000000704000000, 0x0000000704000000| Untracked 
|  25|0x0000000704100000, 0x0000000704200000, 0x0000000704200000|100%| O|  |TAMS 0x0000000704100000, 0x0000000704100000| Untracked 
|  26|0x0000000704200000, 0x0000000704300000, 0x0000000704300000|100%| O|  |TAMS 0x0000000704200000, 0x0000000704200000| Untracked 
|  27|0x0000000704300000, 0x0000000704400000, 0x0000000704400000|100%| O|  |TAMS 0x0000000704300000, 0x0000000704300000| Untracked 
|  28|0x0000000704400000, 0x0000000704500000, 0x0000000704500000|100%| O|  |TAMS 0x0000000704400000, 0x0000000704400000| Untracked 
|  29|0x0000000704500000, 0x0000000704600000, 0x0000000704600000|100%| O|  |TAMS 0x0000000704500000, 0x0000000704500000| Untracked 
|  30|0x0000000704600000, 0x0000000704700000, 0x0000000704700000|100%| O|  |TAMS 0x0000000704600000, 0x0000000704600000| Untracked 
|  31|0x0000000704700000, 0x0000000704800000, 0x0000000704800000|100%| O|  |TAMS 0x0000000704700000, 0x0000000704700000| Untracked 
|  32|0x0000000704800000, 0x0000000704883060, 0x0000000704900000| 51%| O|  |TAMS 0x0000000704800000, 0x0000000704800000| Untracked 
|  33|0x0000000704900000, 0x0000000704900000, 0x0000000704a00000|  0%| F|  |TAMS 0x0000000704900000, 0x0000000704900000| Untracked 
|  34|0x0000000704a00000, 0x0000000704a00000, 0x0000000704b00000|  0%| F|  |TAMS 0x0000000704a00000, 0x0000000704a00000| Untracked 
|  35|0x0000000704b00000, 0x0000000704b00000, 0x0000000704c00000|  0%| F|  |TAMS 0x0000000704b00000, 0x0000000704b00000| Untracked 
|  36|0x0000000704c00000, 0x0000000704c00000, 0x0000000704d00000|  0%| F|  |TAMS 0x0000000704c00000, 0x0000000704c00000| Untracked 
|  37|0x0000000704d00000, 0x0000000704d00000, 0x0000000704e00000|  0%| F|  |TAMS 0x0000000704d00000, 0x0000000704d00000| Untracked 
|  38|0x0000000704e00000, 0x0000000704e00000, 0x0000000704f00000|  0%| F|  |TAMS 0x0000000704e00000, 0x0000000704e00000| Untracked 
|  39|0x0000000704f00000, 0x0000000704f00000, 0x0000000705000000|  0%| F|  |TAMS 0x0000000704f00000, 0x0000000704f00000| Untracked 
|  40|0x0000000705000000, 0x0000000705000000, 0x0000000705100000|  0%| F|  |TAMS 0x0000000705000000, 0x0000000705000000| Untracked 
|  41|0x0000000705100000, 0x0000000705100000, 0x0000000705200000|  0%| F|  |TAMS 0x0000000705100000, 0x0000000705100000| Untracked 
|  42|0x0000000705200000, 0x0000000705200000, 0x0000000705300000|  0%| F|  |TAMS 0x0000000705200000, 0x0000000705200000| Untracked 
|  43|0x0000000705300000, 0x0000000705300000, 0x0000000705400000|  0%| F|  |TAMS 0x0000000705300000, 0x0000000705300000| Untracked 
|  44|0x0000000705400000, 0x0000000705400000, 0x0000000705500000|  0%| F|  |TAMS 0x0000000705400000, 0x0000000705400000| Untracked 
|  45|0x0000000705500000, 0x0000000705500000, 0x0000000705600000|  0%| F|  |TAMS 0x0000000705500000, 0x0000000705500000| Untracked 
|  46|0x0000000705600000, 0x0000000705600000, 0x0000000705700000|  0%| F|  |TAMS 0x0000000705600000, 0x0000000705600000| Untracked 
|  47|0x0000000705700000, 0x0000000705700000, 0x0000000705800000|  0%| F|  |TAMS 0x0000000705700000, 0x0000000705700000| Untracked 
|  48|0x0000000705800000, 0x0000000705800000, 0x0000000705900000|  0%| F|  |TAMS 0x0000000705800000, 0x0000000705800000| Untracked 
|  49|0x0000000705900000, 0x0000000705900000, 0x0000000705a00000|  0%| F|  |TAMS 0x0000000705900000, 0x0000000705900000| Untracked 
|  50|0x0000000705a00000, 0x0000000705a00000, 0x0000000705b00000|  0%| F|  |TAMS 0x0000000705a00000, 0x0000000705a00000| Untracked 
|  51|0x0000000705b00000, 0x0000000705b00000, 0x0000000705c00000|  0%| F|  |TAMS 0x0000000705b00000, 0x0000000705b00000| Untracked 
|  52|0x0000000705c00000, 0x0000000705c00000, 0x0000000705d00000|  0%| F|  |TAMS 0x0000000705c00000, 0x0000000705c00000| Untracked 
|  53|0x0000000705d00000, 0x0000000705d00000, 0x0000000705e00000|  0%| F|  |TAMS 0x0000000705d00000, 0x0000000705d00000| Untracked 
|  54|0x0000000705e00000, 0x0000000705e00000, 0x0000000705f00000|  0%| F|  |TAMS 0x0000000705e00000, 0x0000000705e00000| Untracked 
|  55|0x0000000705f00000, 0x0000000705f00000, 0x0000000706000000|  0%| F|  |TAMS 0x0000000705f00000, 0x0000000705f00000| Untracked 
|  56|0x0000000706000000, 0x0000000706000000, 0x0000000706100000|  0%| F|  |TAMS 0x0000000706000000, 0x0000000706000000| Untracked 
|  57|0x0000000706100000, 0x0000000706100000, 0x0000000706200000|  0%| F|  |TAMS 0x0000000706100000, 0x0000000706100000| Untracked 
|  58|0x0000000706200000, 0x0000000706200000, 0x0000000706300000|  0%| F|  |TAMS 0x0000000706200000, 0x0000000706200000| Untracked 
|  59|0x0000000706300000, 0x0000000706300000, 0x0000000706400000|  0%| F|  |TAMS 0x0000000706300000, 0x0000000706300000| Untracked 
|  60|0x0000000706400000, 0x0000000706400000, 0x0000000706500000|  0%| F|  |TAMS 0x0000000706400000, 0x0000000706400000| Untracked 
|  61|0x0000000706500000, 0x0000000706500000, 0x0000000706600000|  0%| F|  |TAMS 0x0000000706500000, 0x0000000706500000| Untracked 
|  62|0x0000000706600000, 0x0000000706600000, 0x0000000706700000|  0%| F|  |TAMS 0x0000000706600000, 0x0000000706600000| Untracked 
|  63|0x0000000706700000, 0x0000000706700000, 0x0000000706800000|  0%| F|  |TAMS 0x0000000706700000, 0x0000000706700000| Untracked 
|  64|0x0000000706800000, 0x0000000706800000, 0x0000000706900000|  0%| F|  |TAMS 0x0000000706800000, 0x0000000706800000| Untracked 
|  65|0x0000000706900000, 0x0000000706900000, 0x0000000706a00000|  0%| F|  |TAMS 0x0000000706900000, 0x0000000706900000| Untracked 
|  66|0x0000000706a00000, 0x0000000706a00000, 0x0000000706b00000|  0%| F|  |TAMS 0x0000000706a00000, 0x0000000706a00000| Untracked 
|  67|0x0000000706b00000, 0x0000000706b00000, 0x0000000706c00000|  0%| F|  |TAMS 0x0000000706b00000, 0x0000000706b00000| Untracked 
|  68|0x0000000706c00000, 0x0000000706c00000, 0x0000000706d00000|  0%| F|  |TAMS 0x0000000706c00000, 0x0000000706c00000| Untracked 
|  69|0x0000000706d00000, 0x0000000706d00000, 0x0000000706e00000|  0%| F|  |TAMS 0x0000000706d00000, 0x0000000706d00000| Untracked 
|  70|0x0000000706e00000, 0x0000000706e00000, 0x0000000706f00000|  0%| F|  |TAMS 0x0000000706e00000, 0x0000000706e00000| Untracked 
|  71|0x0000000706f00000, 0x0000000706f00000, 0x0000000707000000|  0%| F|  |TAMS 0x0000000706f00000, 0x0000000706f00000| Untracked 
|  72|0x0000000707000000, 0x0000000707000000, 0x0000000707100000|  0%| F|  |TAMS 0x0000000707000000, 0x0000000707000000| Untracked 
|  73|0x0000000707100000, 0x0000000707100000, 0x0000000707200000|  0%| F|  |TAMS 0x0000000707100000, 0x0000000707100000| Untracked 
|  74|0x0000000707200000, 0x0000000707200000, 0x0000000707300000|  0%| F|  |TAMS 0x0000000707200000, 0x0000000707200000| Untracked 
|  75|0x0000000707300000, 0x0000000707300000, 0x0000000707400000|  0%| F|  |TAMS 0x0000000707300000, 0x0000000707300000| Untracked 
|  76|0x0000000707400000, 0x0000000707400000, 0x0000000707500000|  0%| F|  |TAMS 0x0000000707400000, 0x0000000707400000| Untracked 
|  77|0x0000000707500000, 0x0000000707500000, 0x0000000707600000|  0%| F|  |TAMS 0x0000000707500000, 0x0000000707500000| Untracked 
|  78|0x0000000707600000, 0x0000000707600000, 0x0000000707700000|  0%| F|  |TAMS 0x0000000707600000, 0x0000000707600000| Untracked 
|  79|0x0000000707700000, 0x0000000707700000, 0x0000000707800000|  0%| F|  |TAMS 0x0000000707700000, 0x0000000707700000| Untracked 
|  80|0x0000000707800000, 0x0000000707800000, 0x0000000707900000|  0%| F|  |TAMS 0x0000000707800000, 0x0000000707800000| Untracked 
|  81|0x0000000707900000, 0x0000000707900000, 0x0000000707a00000|  0%| F|  |TAMS 0x0000000707900000, 0x0000000707900000| Untracked 
|  82|0x0000000707a00000, 0x0000000707a00000, 0x0000000707b00000|  0%| F|  |TAMS 0x0000000707a00000, 0x0000000707a00000| Untracked 
|  83|0x0000000707b00000, 0x0000000707b00000, 0x0000000707c00000|  0%| F|  |TAMS 0x0000000707b00000, 0x0000000707b00000| Untracked 
|  84|0x0000000707c00000, 0x0000000707c00000, 0x0000000707d00000|  0%| F|  |TAMS 0x0000000707c00000, 0x0000000707c00000| Untracked 
|  85|0x0000000707d00000, 0x0000000707d00000, 0x0000000707e00000|  0%| F|  |TAMS 0x0000000707d00000, 0x0000000707d00000| Untracked 
|  86|0x0000000707e00000, 0x0000000707e00000, 0x0000000707f00000|  0%| F|  |TAMS 0x0000000707e00000, 0x0000000707e00000| Untracked 
|  87|0x0000000707f00000, 0x0000000707f00000, 0x0000000708000000|  0%| F|  |TAMS 0x0000000707f00000, 0x0000000707f00000| Untracked 
|  88|0x0000000708000000, 0x0000000708000000, 0x0000000708100000|  0%| F|  |TAMS 0x0000000708000000, 0x0000000708000000| Untracked 
|  89|0x0000000708100000, 0x0000000708100000, 0x0000000708200000|  0%| F|  |TAMS 0x0000000708100000, 0x0000000708100000| Untracked 
|  90|0x0000000708200000, 0x0000000708200000, 0x0000000708300000|  0%| F|  |TAMS 0x0000000708200000, 0x0000000708200000| Untracked 
|  91|0x0000000708300000, 0x0000000708300000, 0x0000000708400000|  0%| F|  |TAMS 0x0000000708300000, 0x0000000708300000| Untracked 
|  92|0x0000000708400000, 0x0000000708400000, 0x0000000708500000|  0%| F|  |TAMS 0x0000000708400000, 0x0000000708400000| Untracked 
|  93|0x0000000708500000, 0x0000000708500000, 0x0000000708600000|  0%| F|  |TAMS 0x0000000708500000, 0x0000000708500000| Untracked 
|  94|0x0000000708600000, 0x0000000708600000, 0x0000000708700000|  0%| F|  |TAMS 0x0000000708600000, 0x0000000708600000| Untracked 
|  95|0x0000000708700000, 0x0000000708700000, 0x0000000708800000|  0%| F|  |TAMS 0x0000000708700000, 0x0000000708700000| Untracked 
|  96|0x0000000708800000, 0x0000000708800000, 0x0000000708900000|  0%| F|  |TAMS 0x0000000708800000, 0x0000000708800000| Untracked 
|  97|0x0000000708900000, 0x0000000708900000, 0x0000000708a00000|  0%| F|  |TAMS 0x0000000708900000, 0x0000000708900000| Untracked 
|  98|0x0000000708a00000, 0x0000000708aeac40, 0x0000000708b00000| 91%| E|CS|TAMS 0x0000000708a00000, 0x0000000708a00000| Complete 
|  99|0x0000000708b00000, 0x0000000708c00000, 0x0000000708c00000|100%| E|CS|TAMS 0x0000000708b00000, 0x0000000708b00000| Complete 
| 100|0x0000000708c00000, 0x0000000708d00000, 0x0000000708d00000|100%| E|CS|TAMS 0x0000000708c00000, 0x0000000708c00000| Complete 
| 101|0x0000000708d00000, 0x0000000708e00000, 0x0000000708e00000|100%| E|CS|TAMS 0x0000000708d00000, 0x0000000708d00000| Complete 
| 102|0x0000000708e00000, 0x0000000708e00000, 0x0000000708f00000|  0%| F|  |TAMS 0x0000000708e00000, 0x0000000708e00000| Untracked 
| 103|0x0000000708f00000, 0x0000000708f00000, 0x0000000709000000|  0%| F|  |TAMS 0x0000000708f00000, 0x0000000708f00000| Untracked 
| 104|0x0000000709000000, 0x0000000709086650, 0x0000000709100000| 52%| S|  |TAMS 0x0000000709000000, 0x0000000709000000| Complete 
| 105|0x0000000709100000, 0x0000000709200000, 0x0000000709200000|100%| S|  |TAMS 0x0000000709100000, 0x0000000709100000| Complete 
| 106|0x0000000709200000, 0x0000000709300000, 0x0000000709300000|100%| E|CS|TAMS 0x0000000709200000, 0x0000000709200000| Complete 
| 107|0x0000000709300000, 0x0000000709400000, 0x0000000709400000|100%| E|CS|TAMS 0x0000000709300000, 0x0000000709300000| Complete 
| 108|0x0000000709400000, 0x0000000709500000, 0x0000000709500000|100%| E|CS|TAMS 0x0000000709400000, 0x0000000709400000| Complete 
| 109|0x0000000709500000, 0x0000000709600000, 0x0000000709600000|100%| E|CS|TAMS 0x0000000709500000, 0x0000000709500000| Complete 
| 110|0x0000000709600000, 0x0000000709700000, 0x0000000709700000|100%| E|CS|TAMS 0x0000000709600000, 0x0000000709600000| Complete 
| 111|0x0000000709700000, 0x0000000709800000, 0x0000000709800000|100%| E|CS|TAMS 0x0000000709700000, 0x0000000709700000| Complete 
| 112|0x0000000709800000, 0x0000000709900000, 0x0000000709900000|100%| E|CS|TAMS 0x0000000709800000, 0x0000000709800000| Complete 
| 113|0x0000000709900000, 0x0000000709a00000, 0x0000000709a00000|100%| E|CS|TAMS 0x0000000709900000, 0x0000000709900000| Complete 
| 114|0x0000000709a00000, 0x0000000709b00000, 0x0000000709b00000|100%| E|CS|TAMS 0x0000000709a00000, 0x0000000709a00000| Complete 
| 115|0x0000000709b00000, 0x0000000709c00000, 0x0000000709c00000|100%| E|CS|TAMS 0x0000000709b00000, 0x0000000709b00000| Complete 
| 116|0x0000000709c00000, 0x0000000709d00000, 0x0000000709d00000|100%| E|CS|TAMS 0x0000000709c00000, 0x0000000709c00000| Complete 
| 117|0x0000000709d00000, 0x0000000709e00000, 0x0000000709e00000|100%| E|CS|TAMS 0x0000000709d00000, 0x0000000709d00000| Complete 
| 118|0x0000000709e00000, 0x0000000709f00000, 0x0000000709f00000|100%| E|CS|TAMS 0x0000000709e00000, 0x0000000709e00000| Complete 
| 119|0x0000000709f00000, 0x000000070a000000, 0x000000070a000000|100%| E|CS|TAMS 0x0000000709f00000, 0x0000000709f00000| Complete 
| 120|0x000000070a000000, 0x000000070a100000, 0x000000070a100000|100%| E|CS|TAMS 0x000000070a000000, 0x000000070a000000| Complete 
| 121|0x000000070a100000, 0x000000070a200000, 0x000000070a200000|100%| E|CS|TAMS 0x000000070a100000, 0x000000070a100000| Complete 
| 122|0x000000070a200000, 0x000000070a300000, 0x000000070a300000|100%| E|CS|TAMS 0x000000070a200000, 0x000000070a200000| Complete 
| 123|0x000000070a300000, 0x000000070a400000, 0x000000070a400000|100%| E|CS|TAMS 0x000000070a300000, 0x000000070a300000| Complete 
| 124|0x000000070a400000, 0x000000070a500000, 0x000000070a500000|100%| E|CS|TAMS 0x000000070a400000, 0x000000070a400000| Complete 
| 125|0x000000070a500000, 0x000000070a600000, 0x000000070a600000|100%| E|CS|TAMS 0x000000070a500000, 0x000000070a500000| Complete 
| 126|0x000000070a600000, 0x000000070a700000, 0x000000070a700000|100%| E|CS|TAMS 0x000000070a600000, 0x000000070a600000| Complete 
| 127|0x000000070a700000, 0x000000070a800000, 0x000000070a800000|100%| E|CS|TAMS 0x000000070a700000, 0x000000070a700000| Complete 
| 128|0x000000070a800000, 0x000000070a900000, 0x000000070a900000|100%| E|CS|TAMS 0x000000070a800000, 0x000000070a800000| Complete 
| 129|0x000000070a900000, 0x000000070aa00000, 0x000000070aa00000|100%| E|CS|TAMS 0x000000070a900000, 0x000000070a900000| Complete 
| 130|0x000000070aa00000, 0x000000070ab00000, 0x000000070ab00000|100%| E|CS|TAMS 0x000000070aa00000, 0x000000070aa00000| Complete 
| 131|0x000000070ab00000, 0x000000070ac00000, 0x000000070ac00000|100%| E|CS|TAMS 0x000000070ab00000, 0x000000070ab00000| Complete 
| 132|0x000000070ac00000, 0x000000070ad00000, 0x000000070ad00000|100%| E|CS|TAMS 0x000000070ac00000, 0x000000070ac00000| Complete 
| 133|0x000000070ad00000, 0x000000070ae00000, 0x000000070ae00000|100%| E|CS|TAMS 0x000000070ad00000, 0x000000070ad00000| Complete 
| 134|0x000000070ae00000, 0x000000070af00000, 0x000000070af00000|100%| E|CS|TAMS 0x000000070ae00000, 0x000000070ae00000| Complete 
| 135|0x000000070af00000, 0x000000070b000000, 0x000000070b000000|100%| E|CS|TAMS 0x000000070af00000, 0x000000070af00000| Complete 
| 136|0x000000070b000000, 0x000000070b100000, 0x000000070b100000|100%| E|CS|TAMS 0x000000070b000000, 0x000000070b000000| Complete 
| 137|0x000000070b100000, 0x000000070b200000, 0x000000070b200000|100%| E|CS|TAMS 0x000000070b100000, 0x000000070b100000| Complete 
| 138|0x000000070b200000, 0x000000070b300000, 0x000000070b300000|100%| E|CS|TAMS 0x000000070b200000, 0x000000070b200000| Complete 
| 139|0x000000070b300000, 0x000000070b400000, 0x000000070b400000|100%| E|CS|TAMS 0x000000070b300000, 0x000000070b300000| Complete 
| 140|0x000000070b400000, 0x000000070b500000, 0x000000070b500000|100%| E|CS|TAMS 0x000000070b400000, 0x000000070b400000| Complete 
| 141|0x000000070b500000, 0x000000070b600000, 0x000000070b600000|100%| E|CS|TAMS 0x000000070b500000, 0x000000070b500000| Complete 
| 142|0x000000070b600000, 0x000000070b700000, 0x000000070b700000|100%| E|CS|TAMS 0x000000070b600000, 0x000000070b600000| Complete 
| 143|0x000000070b700000, 0x000000070b800000, 0x000000070b800000|100%| E|CS|TAMS 0x000000070b700000, 0x000000070b700000| Complete 
| 144|0x000000070b800000, 0x000000070b900000, 0x000000070b900000|100%| E|CS|TAMS 0x000000070b800000, 0x000000070b800000| Complete 
| 145|0x000000070b900000, 0x000000070ba00000, 0x000000070ba00000|100%| E|CS|TAMS 0x000000070b900000, 0x000000070b900000| Complete 
| 146|0x000000070ba00000, 0x000000070bb00000, 0x000000070bb00000|100%| E|CS|TAMS 0x000000070ba00000, 0x000000070ba00000| Complete 
| 147|0x000000070bb00000, 0x000000070bc00000, 0x000000070bc00000|100%| E|CS|TAMS 0x000000070bb00000, 0x000000070bb00000| Complete 
| 148|0x000000070bc00000, 0x000000070bd00000, 0x000000070bd00000|100%| E|CS|TAMS 0x000000070bc00000, 0x000000070bc00000| Complete 
| 149|0x000000070bd00000, 0x000000070be00000, 0x000000070be00000|100%| E|CS|TAMS 0x000000070bd00000, 0x000000070bd00000| Complete 
| 150|0x000000070be00000, 0x000000070bf00000, 0x000000070bf00000|100%| E|CS|TAMS 0x000000070be00000, 0x000000070be00000| Complete 
| 151|0x000000070bf00000, 0x000000070c000000, 0x000000070c000000|100%| E|CS|TAMS 0x000000070bf00000, 0x000000070bf00000| Complete 
| 152|0x000000070c000000, 0x000000070c100000, 0x000000070c100000|100%| E|CS|TAMS 0x000000070c000000, 0x000000070c000000| Complete 
| 153|0x000000070c100000, 0x000000070c200000, 0x000000070c200000|100%| E|CS|TAMS 0x000000070c100000, 0x000000070c100000| Complete 
| 154|0x000000070c200000, 0x000000070c300000, 0x000000070c300000|100%| E|CS|TAMS 0x000000070c200000, 0x000000070c200000| Complete 
| 155|0x000000070c300000, 0x000000070c400000, 0x000000070c400000|100%| E|CS|TAMS 0x000000070c300000, 0x000000070c300000| Complete 
| 156|0x000000070c400000, 0x000000070c500000, 0x000000070c500000|100%| E|CS|TAMS 0x000000070c400000, 0x000000070c400000| Complete 
| 157|0x000000070c500000, 0x000000070c600000, 0x000000070c600000|100%| E|CS|TAMS 0x000000070c500000, 0x000000070c500000| Complete 
| 158|0x000000070c600000, 0x000000070c700000, 0x000000070c700000|100%| E|CS|TAMS 0x000000070c600000, 0x000000070c600000| Complete 
| 159|0x000000070c700000, 0x000000070c800000, 0x000000070c800000|100%| E|CS|TAMS 0x000000070c700000, 0x000000070c700000| Complete 
| 160|0x000000070c800000, 0x000000070c900000, 0x000000070c900000|100%| E|CS|TAMS 0x000000070c800000, 0x000000070c800000| Complete 
| 161|0x000000070c900000, 0x000000070ca00000, 0x000000070ca00000|100%| E|CS|TAMS 0x000000070c900000, 0x000000070c900000| Complete 
| 162|0x000000070ca00000, 0x000000070cb00000, 0x000000070cb00000|100%| E|CS|TAMS 0x000000070ca00000, 0x000000070ca00000| Complete 
| 163|0x000000070cb00000, 0x000000070cc00000, 0x000000070cc00000|100%| E|CS|TAMS 0x000000070cb00000, 0x000000070cb00000| Complete 
| 164|0x000000070cc00000, 0x000000070cd00000, 0x000000070cd00000|100%| E|CS|TAMS 0x000000070cc00000, 0x000000070cc00000| Complete 
| 165|0x000000070cd00000, 0x000000070ce00000, 0x000000070ce00000|100%| E|CS|TAMS 0x000000070cd00000, 0x000000070cd00000| Complete 
| 166|0x000000070ce00000, 0x000000070cf00000, 0x000000070cf00000|100%| E|CS|TAMS 0x000000070ce00000, 0x000000070ce00000| Complete 
| 167|0x000000070cf00000, 0x000000070d000000, 0x000000070d000000|100%| E|CS|TAMS 0x000000070cf00000, 0x000000070cf00000| Complete 
| 168|0x000000070d000000, 0x000000070d100000, 0x000000070d100000|100%| E|CS|TAMS 0x000000070d000000, 0x000000070d000000| Complete 
| 169|0x000000070d100000, 0x000000070d200000, 0x000000070d200000|100%| E|CS|TAMS 0x000000070d100000, 0x000000070d100000| Complete 
| 170|0x000000070d200000, 0x000000070d300000, 0x000000070d300000|100%| E|CS|TAMS 0x000000070d200000, 0x000000070d200000| Complete 
| 171|0x000000070d300000, 0x000000070d400000, 0x000000070d400000|100%| E|CS|TAMS 0x000000070d300000, 0x000000070d300000| Complete 
| 172|0x000000070d400000, 0x000000070d500000, 0x000000070d500000|100%| E|CS|TAMS 0x000000070d400000, 0x000000070d400000| Complete 
| 173|0x000000070d500000, 0x000000070d600000, 0x000000070d600000|100%| E|CS|TAMS 0x000000070d500000, 0x000000070d500000| Complete 
| 174|0x000000070d600000, 0x000000070d700000, 0x000000070d700000|100%| E|CS|TAMS 0x000000070d600000, 0x000000070d600000| Complete 
| 175|0x000000070d700000, 0x000000070d800000, 0x000000070d800000|100%| E|CS|TAMS 0x000000070d700000, 0x000000070d700000| Complete 
| 176|0x000000070d800000, 0x000000070d900000, 0x000000070d900000|100%| E|CS|TAMS 0x000000070d800000, 0x000000070d800000| Complete 
| 177|0x000000070d900000, 0x000000070da00000, 0x000000070da00000|100%| E|CS|TAMS 0x000000070d900000, 0x000000070d900000| Complete 
| 178|0x000000070da00000, 0x000000070db00000, 0x000000070db00000|100%| E|CS|TAMS 0x000000070da00000, 0x000000070da00000| Complete 
| 179|0x000000070db00000, 0x000000070dc00000, 0x000000070dc00000|100%| E|CS|TAMS 0x000000070db00000, 0x000000070db00000| Complete 
| 180|0x000000070dc00000, 0x000000070dd00000, 0x000000070dd00000|100%| E|CS|TAMS 0x000000070dc00000, 0x000000070dc00000| Complete 
| 181|0x000000070dd00000, 0x000000070de00000, 0x000000070de00000|100%| E|CS|TAMS 0x000000070dd00000, 0x000000070dd00000| Complete 
| 182|0x000000070de00000, 0x000000070df00000, 0x000000070df00000|100%| E|CS|TAMS 0x000000070de00000, 0x000000070de00000| Complete 
| 183|0x000000070df00000, 0x000000070e000000, 0x000000070e000000|100%| E|CS|TAMS 0x000000070df00000, 0x000000070df00000| Complete 
| 184|0x000000070e000000, 0x000000070e100000, 0x000000070e100000|100%| E|CS|TAMS 0x000000070e000000, 0x000000070e000000| Complete 
| 185|0x000000070e100000, 0x000000070e200000, 0x000000070e200000|100%| E|CS|TAMS 0x000000070e100000, 0x000000070e100000| Complete 
| 186|0x000000070e200000, 0x000000070e300000, 0x000000070e300000|100%| E|CS|TAMS 0x000000070e200000, 0x000000070e200000| Complete 
| 187|0x000000070e300000, 0x000000070e400000, 0x000000070e400000|100%| E|CS|TAMS 0x000000070e300000, 0x000000070e300000| Complete 
| 188|0x000000070e400000, 0x000000070e500000, 0x000000070e500000|100%| E|CS|TAMS 0x000000070e400000, 0x000000070e400000| Complete 
| 189|0x000000070e500000, 0x000000070e600000, 0x000000070e600000|100%| E|CS|TAMS 0x000000070e500000, 0x000000070e500000| Complete 
| 190|0x000000070e600000, 0x000000070e700000, 0x000000070e700000|100%| E|CS|TAMS 0x000000070e600000, 0x000000070e600000| Complete 
| 191|0x000000070e700000, 0x000000070e800000, 0x000000070e800000|100%| E|CS|TAMS 0x000000070e700000, 0x000000070e700000| Complete 
| 192|0x000000070e800000, 0x000000070e900000, 0x000000070e900000|100%| E|CS|TAMS 0x000000070e800000, 0x000000070e800000| Complete 
| 193|0x000000070e900000, 0x000000070ea00000, 0x000000070ea00000|100%| E|CS|TAMS 0x000000070e900000, 0x000000070e900000| Complete 
| 194|0x000000070ea00000, 0x000000070eb00000, 0x000000070eb00000|100%| E|CS|TAMS 0x000000070ea00000, 0x000000070ea00000| Complete 
| 195|0x000000070eb00000, 0x000000070ec00000, 0x000000070ec00000|100%| E|CS|TAMS 0x000000070eb00000, 0x000000070eb00000| Complete 
| 196|0x000000070ec00000, 0x000000070ed00000, 0x000000070ed00000|100%| E|CS|TAMS 0x000000070ec00000, 0x000000070ec00000| Complete 
| 197|0x000000070ed00000, 0x000000070ee00000, 0x000000070ee00000|100%| E|CS|TAMS 0x000000070ed00000, 0x000000070ed00000| Complete 
| 198|0x000000070ee00000, 0x000000070ef00000, 0x000000070ef00000|100%| E|CS|TAMS 0x000000070ee00000, 0x000000070ee00000| Complete 
| 199|0x000000070ef00000, 0x000000070f000000, 0x000000070f000000|100%| E|CS|TAMS 0x000000070ef00000, 0x000000070ef00000| Complete 
| 200|0x000000070f000000, 0x000000070f100000, 0x000000070f100000|100%| E|CS|TAMS 0x000000070f000000, 0x000000070f000000| Complete 
| 201|0x000000070f100000, 0x000000070f200000, 0x000000070f200000|100%| E|CS|TAMS 0x000000070f100000, 0x000000070f100000| Complete 
| 202|0x000000070f200000, 0x000000070f300000, 0x000000070f300000|100%| E|CS|TAMS 0x000000070f200000, 0x000000070f200000| Complete 
| 203|0x000000070f300000, 0x000000070f400000, 0x000000070f400000|100%| E|CS|TAMS 0x000000070f300000, 0x000000070f300000| Complete 
| 204|0x000000070f400000, 0x000000070f500000, 0x000000070f500000|100%| E|CS|TAMS 0x000000070f400000, 0x000000070f400000| Complete 
| 205|0x000000070f500000, 0x000000070f600000, 0x000000070f600000|100%| E|CS|TAMS 0x000000070f500000, 0x000000070f500000| Complete 
| 206|0x000000070f600000, 0x000000070f700000, 0x000000070f700000|100%| E|CS|TAMS 0x000000070f600000, 0x000000070f600000| Complete 
| 207|0x000000070f700000, 0x000000070f800000, 0x000000070f800000|100%| E|CS|TAMS 0x000000070f700000, 0x000000070f700000| Complete 
| 208|0x000000070f800000, 0x000000070f900000, 0x000000070f900000|100%| E|CS|TAMS 0x000000070f800000, 0x000000070f800000| Complete 
| 209|0x000000070f900000, 0x000000070fa00000, 0x000000070fa00000|100%| E|CS|TAMS 0x000000070f900000, 0x000000070f900000| Complete 
| 210|0x000000070fa00000, 0x000000070fb00000, 0x000000070fb00000|100%| E|CS|TAMS 0x000000070fa00000, 0x000000070fa00000| Complete 
| 211|0x000000070fb00000, 0x000000070fc00000, 0x000000070fc00000|100%| E|CS|TAMS 0x000000070fb00000, 0x000000070fb00000| Complete 
| 212|0x000000070fc00000, 0x000000070fd00000, 0x000000070fd00000|100%| E|CS|TAMS 0x000000070fc00000, 0x000000070fc00000| Complete 
| 213|0x000000070fd00000, 0x000000070fe00000, 0x000000070fe00000|100%| E|CS|TAMS 0x000000070fd00000, 0x000000070fd00000| Complete 
| 214|0x000000070fe00000, 0x000000070ff00000, 0x000000070ff00000|100%| E|CS|TAMS 0x000000070fe00000, 0x000000070fe00000| Complete 
| 215|0x000000070ff00000, 0x0000000710000000, 0x0000000710000000|100%| E|CS|TAMS 0x000000070ff00000, 0x000000070ff00000| Complete 
| 216|0x0000000710000000, 0x0000000710100000, 0x0000000710100000|100%| E|CS|TAMS 0x0000000710000000, 0x0000000710000000| Complete 
| 217|0x0000000710100000, 0x0000000710200000, 0x0000000710200000|100%| E|CS|TAMS 0x0000000710100000, 0x0000000710100000| Complete 
| 218|0x0000000710200000, 0x0000000710300000, 0x0000000710300000|100%| E|CS|TAMS 0x0000000710200000, 0x0000000710200000| Complete 
| 219|0x0000000710300000, 0x0000000710400000, 0x0000000710400000|100%| E|CS|TAMS 0x0000000710300000, 0x0000000710300000| Complete 
| 220|0x0000000710400000, 0x0000000710500000, 0x0000000710500000|100%| E|CS|TAMS 0x0000000710400000, 0x0000000710400000| Complete 
| 221|0x0000000710500000, 0x0000000710600000, 0x0000000710600000|100%| E|CS|TAMS 0x0000000710500000, 0x0000000710500000| Complete 
| 222|0x0000000710600000, 0x0000000710700000, 0x0000000710700000|100%| E|CS|TAMS 0x0000000710600000, 0x0000000710600000| Complete 
| 223|0x0000000710700000, 0x0000000710800000, 0x0000000710800000|100%| E|CS|TAMS 0x0000000710700000, 0x0000000710700000| Complete 
| 224|0x0000000710800000, 0x0000000710900000, 0x0000000710900000|100%| E|CS|TAMS 0x0000000710800000, 0x0000000710800000| Complete 
| 225|0x0000000710900000, 0x0000000710a00000, 0x0000000710a00000|100%| E|CS|TAMS 0x0000000710900000, 0x0000000710900000| Complete 
| 226|0x0000000710a00000, 0x0000000710b00000, 0x0000000710b00000|100%| E|CS|TAMS 0x0000000710a00000, 0x0000000710a00000| Complete 
| 227|0x0000000710b00000, 0x0000000710c00000, 0x0000000710c00000|100%| E|CS|TAMS 0x0000000710b00000, 0x0000000710b00000| Complete 
| 228|0x0000000710c00000, 0x0000000710d00000, 0x0000000710d00000|100%| E|CS|TAMS 0x0000000710c00000, 0x0000000710c00000| Complete 
| 229|0x0000000710d00000, 0x0000000710e00000, 0x0000000710e00000|100%| E|CS|TAMS 0x0000000710d00000, 0x0000000710d00000| Complete 
| 230|0x0000000710e00000, 0x0000000710f00000, 0x0000000710f00000|100%| E|CS|TAMS 0x0000000710e00000, 0x0000000710e00000| Complete 
| 231|0x0000000710f00000, 0x0000000711000000, 0x0000000711000000|100%| E|CS|TAMS 0x0000000710f00000, 0x0000000710f00000| Complete 
| 232|0x0000000711000000, 0x0000000711100000, 0x0000000711100000|100%| E|CS|TAMS 0x0000000711000000, 0x0000000711000000| Complete 
| 233|0x0000000711100000, 0x0000000711200000, 0x0000000711200000|100%| E|CS|TAMS 0x0000000711100000, 0x0000000711100000| Complete 
| 234|0x0000000711200000, 0x0000000711300000, 0x0000000711300000|100%| E|CS|TAMS 0x0000000711200000, 0x0000000711200000| Complete 
| 235|0x0000000711300000, 0x0000000711400000, 0x0000000711400000|100%| E|CS|TAMS 0x0000000711300000, 0x0000000711300000| Complete 
| 236|0x0000000711400000, 0x0000000711500000, 0x0000000711500000|100%| E|CS|TAMS 0x0000000711400000, 0x0000000711400000| Complete 
| 237|0x0000000711500000, 0x0000000711600000, 0x0000000711600000|100%| E|CS|TAMS 0x0000000711500000, 0x0000000711500000| Complete 
| 238|0x0000000711600000, 0x0000000711700000, 0x0000000711700000|100%| E|CS|TAMS 0x0000000711600000, 0x0000000711600000| Complete 
| 239|0x0000000711700000, 0x0000000711800000, 0x0000000711800000|100%| E|CS|TAMS 0x0000000711700000, 0x0000000711700000| Complete 
| 240|0x0000000711800000, 0x0000000711900000, 0x0000000711900000|100%| E|CS|TAMS 0x0000000711800000, 0x0000000711800000| Complete 
| 241|0x0000000711900000, 0x0000000711a00000, 0x0000000711a00000|100%| E|CS|TAMS 0x0000000711900000, 0x0000000711900000| Complete 
| 242|0x0000000711a00000, 0x0000000711b00000, 0x0000000711b00000|100%| E|CS|TAMS 0x0000000711a00000, 0x0000000711a00000| Complete 
| 243|0x0000000711b00000, 0x0000000711c00000, 0x0000000711c00000|100%| E|CS|TAMS 0x0000000711b00000, 0x0000000711b00000| Complete 
| 244|0x0000000711c00000, 0x0000000711d00000, 0x0000000711d00000|100%| E|CS|TAMS 0x0000000711c00000, 0x0000000711c00000| Complete 
| 245|0x0000000711d00000, 0x0000000711e00000, 0x0000000711e00000|100%| E|CS|TAMS 0x0000000711d00000, 0x0000000711d00000| Complete 
| 246|0x0000000711e00000, 0x0000000711f00000, 0x0000000711f00000|100%| E|CS|TAMS 0x0000000711e00000, 0x0000000711e00000| Complete 
| 247|0x0000000711f00000, 0x0000000712000000, 0x0000000712000000|100%| E|CS|TAMS 0x0000000711f00000, 0x0000000711f00000| Complete 
| 248|0x0000000712000000, 0x0000000712100000, 0x0000000712100000|100%| E|CS|TAMS 0x0000000712000000, 0x0000000712000000| Complete 
| 249|0x0000000712100000, 0x0000000712200000, 0x0000000712200000|100%| E|CS|TAMS 0x0000000712100000, 0x0000000712100000| Complete 
| 250|0x0000000712200000, 0x0000000712300000, 0x0000000712300000|100%| E|CS|TAMS 0x0000000712200000, 0x0000000712200000| Complete 
| 251|0x0000000712300000, 0x0000000712400000, 0x0000000712400000|100%| E|CS|TAMS 0x0000000712300000, 0x0000000712300000| Complete 
| 252|0x0000000712400000, 0x0000000712500000, 0x0000000712500000|100%| E|CS|TAMS 0x0000000712400000, 0x0000000712400000| Complete 
| 253|0x0000000712500000, 0x0000000712600000, 0x0000000712600000|100%| E|CS|TAMS 0x0000000712500000, 0x0000000712500000| Complete 

Card table byte_map: [0x000002971e700000,0x000002971eef0000] _byte_map_base: 0x000002971aeec000

Marking Bits (Prev, Next): (CMBitMap*) 0x0000029706728498, (CMBitMap*) 0x00000297067284d0
 Prev Bits: [0x000002971f6e0000, 0x0000029723640000)
 Next Bits: [0x0000029723640000, 0x00000297275a0000)

Polling page: 0x0000029704540000

Metaspace:

Usage:
  Non-class:     49.85 MB capacity,    48.71 MB ( 98%) used,   949.81 KB (  2%) free+waste,   221.75 KB ( <1%) overhead. 
      Class:      7.73 MB capacity,     6.97 MB ( 90%) used,   672.55 KB (  8%) free+waste,   107.63 KB (  1%) overhead. 
       Both:     57.58 MB capacity,    55.68 MB ( 97%) used,     1.58 MB (  3%) free+waste,   329.38 KB ( <1%) overhead. 

Virtual space:
  Non-class space:       50.00 MB reserved,      49.88 MB (>99%) committed 
      Class space:        1.00 GB reserved,       7.82 MB ( <1%) committed 
             Both:        1.05 GB reserved,      57.70 MB (  5%) committed 

Chunk freelists:
   Non-Class:  3.63 KB
       Class:  2.13 KB
        Both:  5.75 KB

CodeHeap 'non-profiled nmethods': size=238336Kb used=15254Kb max_used=15254Kb free=223081Kb
 bounds [0x000002970f100000, 0x000002970fff0000, 0x000002971d9c0000]
CodeHeap 'non-nmethods': size=7424Kb used=1259Kb max_used=2949Kb free=6164Kb
 bounds [0x000002970e9c0000, 0x000002970edb0000, 0x000002970f100000]
 total_blobs=9619 nmethods=8801 adapters=551
 compilation: enabled
              stopped_count=0, restarted_count=0
 full_count=0

Compilation events (10 events):
Event: 24946.142 Thread 0x000002972ac94800 8946       1       java.util.TimeZone::getDefault (10 bytes)
Event: 24946.142 Thread 0x000002972ac94800 nmethod 8946 0x000002970ffe5590 code [0x000002970ffe5760, 0x000002970ffe5900]
Event: 24959.456 Thread 0x000002972ac94800 8948       1       sun.security.jca.ProviderList::getProvider (22 bytes)
Event: 24959.457 Thread 0x000002972ac94800 nmethod 8948 0x000002970ffe5a10 code [0x000002970ffe5bc0, 0x000002970ffe5d50]
Event: 24976.879 Thread 0x000002972ac94800 8949       1       java.security.Provider::ensureLegacyParsed (123 bytes)
Event: 24976.879 Thread 0x000002972ac94800 nmethod 8949 0x000002970ffe5e90 code [0x000002970ffe60c0, 0x000002970ffe65d0]
Event: 25001.314 Thread 0x000002972ac94800 8950  s    1       java.security.Provider::getService (91 bytes)
Event: 25001.314 Thread 0x000002972ac94800 nmethod 8950 0x000002970ffe6790 code [0x000002970ffe69a0, 0x000002970ffe7010]
Event: 25001.314 Thread 0x000002972ac94800 8951       1       java.security.Provider$ServiceKey::matches (22 bytes)
Event: 25001.315 Thread 0x000002972ac94800 nmethod 8951 0x000002970ffe7210 code [0x000002970ffe73c0, 0x000002970ffe7518]

GC Heap History (10 events):
Event: 18324.473 GC heap after
{Heap after GC invocations=22 (full 0):
 garbage-first heap   total 260096K, used 34621K [0x0000000702800000, 0x0000000800000000)
  region size 1024K, 8 young (8192K), 8 survivors (8192K)
 Metaspace       used 56999K, capacity 58945K, committed 59088K, reserved 1099776K
  class space    used 7136K, capacity 7915K, committed 8012K, reserved 1048576K
}
Event: 19856.551 GC heap before
{Heap before GC invocations=22 (full 0):
 garbage-first heap   total 260096K, used 182077K [0x0000000702800000, 0x0000000800000000)
  region size 1024K, 152 young (155648K), 8 survivors (8192K)
 Metaspace       used 57014K, capacity 58966K, committed 59088K, reserved 1099776K
  class space    used 7138K, capacity 7919K, committed 8012K, reserved 1048576K
}
Event: 19856.557 GC heap after
{Heap after GC invocations=23 (full 0):
 garbage-first heap   total 260096K, used 34621K [0x0000000702800000, 0x0000000800000000)
  region size 1024K, 8 young (8192K), 8 survivors (8192K)
 Metaspace       used 57014K, capacity 58966K, committed 59088K, reserved 1099776K
  class space    used 7138K, capacity 7919K, committed 8012K, reserved 1048576K
}
Event: 21466.270 GC heap before
{Heap before GC invocations=23 (full 0):
 garbage-first heap   total 260096K, used 182077K [0x0000000702800000, 0x0000000800000000)
  region size 1024K, 152 young (155648K), 8 survivors (8192K)
 Metaspace       used 57014K, capacity 58966K, committed 59088K, reserved 1099776K
  class space    used 7138K, capacity 7919K, committed 8012K, reserved 1048576K
}
Event: 21466.276 GC heap after
{Heap after GC invocations=24 (full 0):
 garbage-first heap   total 260096K, used 34994K [0x0000000702800000, 0x0000000800000000)
  region size 1024K, 9 young (9216K), 9 survivors (9216K)
 Metaspace       used 57014K, capacity 58966K, committed 59088K, reserved 1099776K
  class space    used 7138K, capacity 7919K, committed 8012K, reserved 1048576K
}
Event: 23105.190 GC heap before
{Heap before GC invocations=24 (full 0):
 garbage-first heap   total 260096K, used 181426K [0x0000000702800000, 0x0000000800000000)
  region size 1024K, 152 young (155648K), 9 survivors (9216K)
 Metaspace       used 57014K, capacity 58966K, committed 59088K, reserved 1099776K
  class space    used 7138K, capacity 7919K, committed 8012K, reserved 1048576K
}
Event: 23105.198 GC heap after
{Heap after GC invocations=25 (full 0):
 garbage-first heap   total 260096K, used 34621K [0x0000000702800000, 0x0000000800000000)
  region size 1024K, 8 young (8192K), 8 survivors (8192K)
 Metaspace       used 57014K, capacity 58966K, committed 59088K, reserved 1099776K
  class space    used 7138K, capacity 7919K, committed 8012K, reserved 1048576K
}
Event: 24746.956 GC heap before
{Heap before GC invocations=25 (full 0):
 garbage-first heap   total 260096K, used 182077K [0x0000000702800000, 0x0000000800000000)
  region size 1024K, 152 young (155648K), 8 survivors (8192K)
 Metaspace       used 57014K, capacity 58966K, committed 59088K, reserved 1099776K
  class space    used 7138K, capacity 7919K, committed 8012K, reserved 1048576K
}
Event: 24746.963 GC heap after
{Heap after GC invocations=26 (full 0):
 garbage-first heap   total 260096K, used 34910K [0x0000000702800000, 0x0000000800000000)
  region size 1024K, 4 young (4096K), 4 survivors (4096K)
 Metaspace       used 57014K, capacity 58966K, committed 59088K, reserved 1099776K
  class space    used 7138K, capacity 7919K, committed 8012K, reserved 1048576K
}
Event: 26419.796 GC heap before
{Heap before GC invocations=26 (full 0):
 garbage-first heap   total 260096K, used 186462K [0x0000000702800000, 0x0000000800000000)
  region size 1024K, 152 young (155648K), 4 survivors (4096K)
 Metaspace       used 57014K, capacity 58966K, committed 59088K, reserved 1099776K
  class space    used 7138K, capacity 7919K, committed 8012K, reserved 1048576K
}

Deoptimization events (0 events):
No events

Classes redefined (0 events):
No events

Internal exceptions (10 events):
Event: 7507.172 Thread 0x000002972e885000 Exception <a 'java/lang/NoSuchMethodError'{0x000000070f6e8ec8}: java.lang.invoke.DirectMethodHandle$Holder.invokeSpecial(Ljava/lang/Object;Ljava/lang/Object;IILjava/lang/Object;Ljava/lang/Object;Ljava/lang/Object;Ljava/lang/Object;Ljava/lang/Object;Ljava/
Event: 7507.172 Thread 0x000002972e885000 Exception <a 'java/lang/NoSuchMethodError'{0x000000070f6ed410}: java.lang.invoke.DelegatingMethodHandle$Holder.reinvoke_L(Ljava/lang/Object;IILjava/lang/Object;Ljava/lang/Object;Ljava/lang/Object;Ljava/lang/Object;Ljava/lang/Object;Ljava/lang/Object;Ljava
Event: 7507.180 Thread 0x000002972e885000 Exception <a 'java/lang/NoSuchMethodError'{0x000000070f5fcd60}: java.lang.invoke.DirectMethodHandle$Holder.invokeSpecial(Ljava/lang/Object;Ljava/lang/Object;Ljava/lang/Object;Ljava/lang/Object;Ljava/lang/Object;Ljava/lang/Object;Ljava/lang/Object;Ljava/la
Event: 7507.180 Thread 0x000002972e885000 Exception <a 'java/lang/NoSuchMethodError'{0x000000070f405b30}: java.lang.invoke.Invokers$Holder.linkToTargetMethod(Ljava/lang/Object;Ljava/lang/Object;Ljava/lang/Object;Ljava/lang/Object;Ljava/lang/Object;Ljava/lang/Object;Ljava/lang/Object;Ljava/lang/Ob
Event: 7507.190 Thread 0x000002972e885000 Exception <a 'java/lang/ClassNotFoundException'{0x000000070f37fac8}: fun/krits/eduservice/entity/EduCourseBeanInfo> (0x000000070f37fac8) thrown at [t:/workspace/open/src/hotspot/share/classfile/systemDictionary.cpp, line 231]
Event: 7507.191 Thread 0x000002972e885000 Exception <a 'java/lang/ClassNotFoundException'{0x000000070f39b210}: fun/krits/eduservice/entity/EduCourseCustomizer> (0x000000070f39b210) thrown at [t:/workspace/open/src/hotspot/share/classfile/systemDictionary.cpp, line 231]
Event: 7507.200 Thread 0x000002972e885000 Exception <a 'java/lang/ClassNotFoundException'{0x000000070f3e2c10}: java/lang/ObjectCustomizer> (0x000000070f3e2c10) thrown at [t:/workspace/open/src/hotspot/share/classfile/systemDictionary.cpp, line 231]
Event: 7507.201 Thread 0x000002972e885000 Exception <a 'java/lang/ClassNotFoundException'{0x000000070f203300}: fun/krits/eduservice/entity/vo/CourseInfoVoCustomizer> (0x000000070f203300) thrown at [t:/workspace/open/src/hotspot/share/classfile/systemDictionary.cpp, line 231]
Event: 19230.870 Thread 0x000002972e23e000 Exception <a 'java/lang/ClassNotFoundException'{0x000000070d4f8318}: java/lang/ObjectCustomizer> (0x000000070d4f8318) thrown at [t:/workspace/open/src/hotspot/share/classfile/systemDictionary.cpp, line 231]
Event: 19230.872 Thread 0x000002972e23e000 Exception <a 'java/lang/ClassNotFoundException'{0x000000070d318a50}: fun/krits/eduservice/entity/vo/CourseInfoVoCustomizer> (0x000000070d318a50) thrown at [t:/workspace/open/src/hotspot/share/classfile/systemDictionary.cpp, line 231]

Events (10 events):
Event: 24981.880 Thread 0x000002972e88e000 Thread exited: 0x000002972e88e000
Event: 25001.311 Thread 0x000002972e890800 Thread added: 0x000002972e890800
Event: 25001.311 Thread 0x000002972e88e000 Thread added: 0x000002972e88e000
Event: 25001.312 Executing VM operation: BulkRevokeBias
Event: 25001.312 Executing VM operation: BulkRevokeBias done
Event: 25001.312 Executing VM operation: RevokeBias
Event: 25001.312 Executing VM operation: RevokeBias done
Event: 25006.313 Thread 0x000002972e890800 Thread exited: 0x000002972e890800
Event: 25006.317 Thread 0x000002972e88e000 Thread exited: 0x000002972e88e000
Event: 26419.796 Executing VM operation: G1CollectForAllocation


Dynamic libraries:
0x00007ff7516c0000 - 0x00007ff751707000 	E:\Java\jdk11\bin\java.exe
0x00007ff8f0080000 - 0x00007ff8f0270000 	C:\WINDOWS\SYSTEM32\ntdll.dll
0x00007ff8ef100000 - 0x00007ff8ef1b2000 	C:\WINDOWS\System32\KERNEL32.DLL
0x00007ff8ed2d0000 - 0x00007ff8ed575000 	C:\WINDOWS\System32\KERNELBASE.dll
0x00007ff8eec60000 - 0x00007ff8eed03000 	C:\WINDOWS\System32\ADVAPI32.dll
0x00007ff8ef060000 - 0x00007ff8ef0fe000 	C:\WINDOWS\System32\msvcrt.dll
0x00007ff8eebc0000 - 0x00007ff8eec57000 	C:\WINDOWS\System32\sechost.dll
0x00007ff8eeaa0000 - 0x00007ff8eebbf000 	C:\WINDOWS\System32\RPCRT4.dll
0x00007ff8ee4e0000 - 0x00007ff8ee674000 	C:\WINDOWS\System32\USER32.dll
0x00007ff8ed0b0000 - 0x00007ff8ed0d1000 	C:\WINDOWS\System32\win32u.dll
0x00007ff8eee90000 - 0x00007ff8eeeb6000 	C:\WINDOWS\System32\GDI32.dll
0x00007ff8ed130000 - 0x00007ff8ed2c8000 	C:\WINDOWS\System32\gdi32full.dll
0x00007ff8edf40000 - 0x00007ff8edfde000 	C:\WINDOWS\System32\msvcp_win.dll
0x00007ff8ede40000 - 0x00007ff8edf3a000 	C:\WINDOWS\System32\ucrtbase.dll
0x00007ff8ec410000 - 0x00007ff8ec694000 	C:\WINDOWS\WinSxS\amd64_microsoft.windows.common-controls_6595b64144ccf1df_6.0.18362.1316_none_9e7a364fe461dbd7\COMCTL32.dll
0x00007ff8e8f40000 - 0x00007ff8e8f4a000 	C:\WINDOWS\SYSTEM32\VERSION.dll
0x00007ff8ee680000 - 0x00007ff8ee9b7000 	C:\WINDOWS\System32\combase.dll
0x00007ff8ed580000 - 0x00007ff8ed601000 	C:\WINDOWS\System32\bcryptPrimitives.dll
0x00007ff8eee60000 - 0x00007ff8eee8e000 	C:\WINDOWS\System32\IMM32.DLL
0x00007ff8da0c0000 - 0x00007ff8da0d6000 	E:\Java\jdk11\bin\vcruntime140.dll
0x00007ff89bdd0000 - 0x00007ff89be7a000 	E:\Java\jdk11\bin\msvcp140.dll
0x00007ff88e610000 - 0x00007ff88f152000 	E:\Java\jdk11\bin\server\jvm.dll
0x00007ff8eed10000 - 0x00007ff8eed18000 	C:\WINDOWS\System32\PSAPI.DLL
0x00007ff8d5c70000 - 0x00007ff8d5c79000 	C:\WINDOWS\SYSTEM32\WSOCK32.dll
0x00007ff8eedf0000 - 0x00007ff8eee5f000 	C:\WINDOWS\System32\WS2_32.dll
0x00007ff8e3dd0000 - 0x00007ff8e3df4000 	C:\WINDOWS\SYSTEM32\WINMM.dll
0x00007ff8e3da0000 - 0x00007ff8e3dcd000 	C:\WINDOWS\SYSTEM32\winmmbase.dll
0x00007ff8ed000000 - 0x00007ff8ed04a000 	C:\WINDOWS\System32\cfgmgr32.dll
0x00007ff8ecf90000 - 0x00007ff8ecfa1000 	C:\WINDOWS\System32\kernel.appcore.dll
0x00007ff8d0a00000 - 0x00007ff8d0a11000 	E:\Java\jdk11\bin\verify.dll
0x00007ff8ec970000 - 0x00007ff8ecb64000 	C:\WINDOWS\SYSTEM32\DBGHELP.DLL
0x00007ff8ec940000 - 0x00007ff8ec96a000 	C:\WINDOWS\SYSTEM32\dbgcore.DLL
0x00007ff8ce240000 - 0x00007ff8ce269000 	E:\Java\jdk11\bin\java.dll
0x00007ff8cd660000 - 0x00007ff8cd68f000 	E:\Java\jdk11\bin\instrument.dll
0x00007ff8ce0b0000 - 0x00007ff8ce0c6000 	E:\Java\jdk11\bin\zip.dll
0x00007ff8e0190000 - 0x00007ff8e019a000 	E:\Java\jdk11\bin\jimage.dll
0x00007ff8ef4c0000 - 0x00007ff8efba8000 	C:\WINDOWS\System32\SHELL32.dll
0x00007ff8ef360000 - 0x00007ff8ef407000 	C:\WINDOWS\System32\shcore.dll
0x00007ff8ed6c0000 - 0x00007ff8ede3b000 	C:\WINDOWS\System32\windows.storage.dll
0x00007ff8ecfd0000 - 0x00007ff8ecff3000 	C:\WINDOWS\System32\profapi.dll
0x00007ff8ecf40000 - 0x00007ff8ecf8a000 	C:\WINDOWS\System32\powrprof.dll
0x00007ff8ecf30000 - 0x00007ff8ecf40000 	C:\WINDOWS\System32\UMPDC.dll
0x00007ff8ee9c0000 - 0x00007ff8eea12000 	C:\WINDOWS\System32\shlwapi.dll
0x00007ff8ed0e0000 - 0x00007ff8ed0f7000 	C:\WINDOWS\System32\cryptsp.dll
0x00007ff8ce090000 - 0x00007ff8ce0a9000 	E:\Java\jdk11\bin\net.dll
0x00007ff8e5240000 - 0x00007ff8e5330000 	C:\WINDOWS\SYSTEM32\WINHTTP.dll
0x00007ff8ec0a0000 - 0x00007ff8ec107000 	C:\WINDOWS\system32\mswsock.dll
0x00007ff8ce070000 - 0x00007ff8ce083000 	E:\Java\jdk11\bin\nio.dll
0x00007ff8ce050000 - 0x00007ff8ce06a000 	D:\idea20203pj_186103\bin\breakgen64.dll
0x00007ff8ebe00000 - 0x00007ff8ebecb000 	C:\WINDOWS\SYSTEM32\DNSAPI.dll
0x00007ff8ee2e0000 - 0x00007ff8ee2e8000 	C:\WINDOWS\System32\NSI.dll
0x00007ff8ebdc0000 - 0x00007ff8ebdfa000 	C:\WINDOWS\SYSTEM32\IPHLPAPI.DLL
0x00007ff8e5670000 - 0x00007ff8e567a000 	C:\Windows\System32\rasadhlp.dll
0x00007ff8e40d0000 - 0x00007ff8e4147000 	C:\WINDOWS\System32\fwpuclnt.dll
0x00007ff8ed100000 - 0x00007ff8ed126000 	C:\WINDOWS\System32\bcrypt.dll
0x00007ff8da380000 - 0x00007ff8da389000 	E:\Java\jdk11\bin\management.dll
0x00007ff8da230000 - 0x00007ff8da23c000 	E:\Java\jdk11\bin\management_ext.dll
0x00007ff8ebc30000 - 0x00007ff8ebc63000 	C:\WINDOWS\system32\rsaenh.dll
0x00007ff8ece50000 - 0x00007ff8ece75000 	C:\WINDOWS\SYSTEM32\USERENV.dll
0x00007ff8ec220000 - 0x00007ff8ec22c000 	C:\WINDOWS\SYSTEM32\CRYPTBASE.dll
0x00007ff8e4860000 - 0x00007ff8e4876000 	C:\WINDOWS\SYSTEM32\dhcpcsvc6.DLL
0x00007ff8e47c0000 - 0x00007ff8e47dc000 	C:\WINDOWS\SYSTEM32\dhcpcsvc.DLL
0x00007ff8d5c90000 - 0x00007ff8d5ca6000 	C:\WINDOWS\system32\napinsp.dll
0x00007ff8d5c20000 - 0x00007ff8d5c3a000 	C:\WINDOWS\system32\pnrpnsp.dll
0x00007ff8d5aa0000 - 0x00007ff8d5aae000 	C:\WINDOWS\System32\winrnr.dll
0x00007ff8e8d90000 - 0x00007ff8e8dac000 	C:\WINDOWS\system32\NLAapi.dll
0x00007ff8e7630000 - 0x00007ff8e7645000 	C:\WINDOWS\system32\wshbth.dll

dbghelp: loaded successfully - version: 4.0.5 - missing functions: none
symbol engine: initialized successfully - sym options: 0x614 - pdb path: .;E:\Java\jdk11\bin;C:\WINDOWS\SYSTEM32;C:\WINDOWS\WinSxS\amd64_microsoft.windows.common-controls_6595b64144ccf1df_6.0.18362.1316_none_9e7a364fe461dbd7;E:\Java\jdk11\bin\server;D:\idea20203pj_186103\bin

VM Arguments:
jvm_args: -XX:TieredStopAtLevel=1 -Xverify:none -Dspring.output.ansi.enabled=always -javaagent:D:\idea20203pj_186103\lib\idea_rt.jar=23481:D:\idea20203pj_186103\bin -Dcom.sun.management.jmxremote -Dspring.jmx.enabled=true -Dspring.liveBeansView.mbeanDomain -Dspring.application.admin.enabled=true -Dfile.encoding=UTF-8 
java_command: fun.krits.eduservice.EduApplication
java_class_path (initial): E:\krits-code-workplace\Java\guli_parent\service\service_edu\target\classes;D:\apache-maven-3.6.3\maven-Repository\com\alibaba\easyexcel\2.1.6\easyexcel-2.1.6.jar;D:\apache-maven-3.6.3\maven-Repository\cglib\cglib\3.1\cglib-3.1.jar;D:\apache-maven-3.6.3\maven-Repository\org\ow2\asm\asm\4.2\asm-4.2.jar;D:\apache-maven-3.6.3\maven-Repository\org\slf4j\slf4j-api\1.7.29\slf4j-api-1.7.29.jar;D:\apache-maven-3.6.3\maven-Repository\org\ehcache\ehcache\3.8.1\ehcache-3.8.1.jar;D:\apache-maven-3.6.3\maven-Repository\org\glassfish\jaxb\jaxb-runtime\2.3.2\jaxb-runtime-2.3.2.jar;D:\apache-maven-3.6.3\maven-Repository\org\glassfish\jaxb\txw2\2.3.2\txw2-2.3.2.jar;D:\apache-maven-3.6.3\maven-Repository\com\sun\istack\istack-commons-runtime\3.0.8\istack-commons-runtime-3.0.8.jar;D:\apache-maven-3.6.3\maven-Repository\org\jvnet\staxex\stax-ex\1.8.1\stax-ex-1.8.1.jar;D:\apache-maven-3.6.3\maven-Repository\com\sun\xml\fastinfoset\FastInfoset\1.2.16\FastInfoset-1.2.16.jar;E:\krits-code-workplace\Java\guli_parent\common\service_base\target\classes;E:\krits-code-workplace\Java\guli_parent\common\common_utils\target\classes;D:\apache-maven-3.6.3\maven-Repository\org\springframework\cloud\spring-cloud-starter-openfeign\2.2.0.RELEASE\spring-cloud-starter-openfeign-2.2.0.RELEASE.jar;D:\apache-maven-3.6.3\maven-Repository\org\springframework\cloud\spring-cloud-starter\2.2.0.RELEASE\spring-cloud-starter-2.2.0.RELEASE.jar;D:\apache-maven-3.6.3\maven-Repository\org\springframework\cloud\spring-cloud-context\2.2.0.RELEASE\spring-cloud-context-2.2.0.RELEASE.jar;D:\apache-maven-3.6.3\maven-Repository\org\springframework\security\spring-security-rsa\1.0.7.RELEASE\spring-security-rsa-1.0.7.RELEASE.jar;D:\apache-maven-3.6.3\maven-Repository\org\bouncycastle\bcpkix-jdk15on\1.60\bcpkix-jdk15on-1.60.jar;D:\apache-maven-3.6.3\maven-Repository\org\bouncycastle\bcprov-jdk15on\1.60\bcprov-jdk15on-1.60.jar;D:\apache-maven-3.6.3\maven-Repository\org\springframework\cloud\spring-clou
Launcher Type: SUN_STANDARD

[Global flags]
     bool BytecodeVerificationLocal                = false                                     {product} {command line}
     bool BytecodeVerificationRemote               = false                                     {product} {command line}
     intx CICompilerCount                          = 4                                         {product} {ergonomic}
     uint ConcGCThreads                            = 3                                         {product} {ergonomic}
     uint G1ConcRefinementThreads                  = 10                                        {product} {ergonomic}
   size_t G1HeapRegionSize                         = 1048576                                   {product} {ergonomic}
    uintx GCDrainStackTargetSize                   = 64                                        {product} {ergonomic}
   size_t InitialHeapSize                          = 266338304                                 {product} {ergonomic}
     bool ManagementServer                         = true                                      {product} {command line}
   size_t MarkStackSize                            = 4194304                                   {product} {ergonomic}
   size_t MaxHeapSize                              = 4253024256                                {product} {ergonomic}
   size_t MaxNewSize                               = 2551185408                                {product} {ergonomic}
   size_t MinHeapDeltaBytes                        = 1048576                                   {product} {ergonomic}
    uintx NonNMethodCodeHeapSize                   = 7549744                                {pd product} {ergonomic}
    uintx NonProfiledCodeHeapSize                  = 244108496                              {pd product} {ergonomic}
    uintx ProfiledCodeHeapSize                     = 0                                      {pd product} {ergonomic}
    uintx ReservedCodeCacheSize                    = 251658240                              {pd product} {ergonomic}
     bool SegmentedCodeCache                       = true                                      {product} {ergonomic}
     intx TieredStopAtLevel                        = 1                                         {product} {command line}
     bool UseCompressedClassPointers               = true                                 {lp64_product} {ergonomic}
     bool UseCompressedOops                        = true                                 {lp64_product} {ergonomic}
     bool UseG1GC                                  = true                                      {product} {ergonomic}
     bool UseLargePagesIndividualAllocation        = false                                  {pd product} {ergonomic}

Logging:
Log output configuration:
 #0: stdout all=warning uptime,level,tags
 #1: stderr all=off uptime,level,tags

Environment Variables:
JAVA_HOME=E:\Java\jdk1.8.0_191
PATH=C:\Python38\Scripts\;C:\Python38\;D:\cmder\;E:\Java\jdk1.8.0_191\bin;E:\Java\mysql-connector-java-5.1.48\mysql-connector-java-5.1.48-bin.jar;C:\MinGW\bin;E:\Xmanager\;E:\Xftp\;E:\XShell\;C:\Windows\system32;C:\Users\Kr_star\algs4\java\bin;C:\Program Files (x86)\Common Files\Oracle\Java\javapath;C:\ProgramData\Oracle\Java\javapath;C:\Program Files (x86)\Intel\Intel(R) Management Engine Components\iCLS\;C:\Program Files\Intel\Intel(R) Management Engine Components\iCLS\;C:\Windows;C:\Windows\System32\Wbem;C:\Windows\System32\WindowsPowerShell\v1.0\;C:\Program Files (x86)\NVIDIA Corporation\PhysX\Common;C:\Program Files (x86)\Intel\Intel(R) Management Engine Components\DAL;C:\Program Files\Intel\Intel(R) Management Engine Components\DAL;C:\Program Files (x86)\Intel\Intel(R) Management Engine Components\IPT;C:\Program Files\Intel\Intel(R) Management Engine Components\IPT;C:\Program Files\Intel\WiFi\bin\;C:\Program Files\Common Files\Intel\WirelessCommon\;C:\WINDOWS\system32;C:\WINDOWS;C:\WINDOWS\System32\Wbem;C:\WINDOWS\System32\WindowsPowerShell\v1.0\;C:\WINDOWS\System32\OpenSSH\;C:\Program Files\dotnet\;C:\Program Files (x86)\Xoreax\IncrediBuild;C:\Program Files (x86)\Microsoft Visual Studio\Shared\14.0\VC\bin\amd64;C:\Program Files (x86)\GtkSharp\2.12\bin;C:\Program Files\Common Files\Autodesk Shared\;C:\Program Files (x86)\Autodesk\Backburner\;D:\python2.7;E:\Anaconda3;E:\Anaconda3\Scripts;E:\mysql-5.7.26-winx64\bin;C:\Users\Kr_star\algs4\bin;E:\VC++\Tools\WinNT;E:\VC++\MSDev98\Bin;E:\VC++\Tools;E:\Microsoft Visual Studio\VC98\bin;C:\Users\Kr_star\AppData\Local\Microsoft\WindowsApps;D:\Microsoft VS Code\bin;C:\Program Files\Java\jre1.8.0_162\bin;C:\WINDOWS\system32;C:\WINDOWS;C:\WINDOWS\System32\Wbem;C:\WINDOWS\System32\WindowsPowerShell\v1.0\;C:\WINDOWS\System32\OpenSSH\;D:\MiKTeX 2.9\miktex\bin\x64\;C:\Program Files\NVIDIA Corporation\NVIDIA NvDLISR;D:\wamp\bin\php\php5.5.12;D:\Composer;D:\Git\cmd;D:\CMake\bin;D:\Node.js\;C:\ProgramData\chocolatey\bin;D:\apache-m
USERNAME=Kr_star
OS=Windows_NT
PROCESSOR_IDENTIFIER=Intel64 Family 6 Model 158 Stepping 10, GenuineIntel



---------------  S Y S T E M  ---------------

OS: Windows 10 , 64 bit Build 18362 (10.0.18362.1316)

CPU:total 12 (initial active 12) (6 cores per cpu, 2 threads per core) family 6 model 158 stepping 10, cmov, cx8, fxsr, mmx, sse, sse2, sse3, ssse3, sse4.1, sse4.2, popcnt, avx, avx2, aes, clmul, erms, 3dnowpref, lzcnt, ht, tsc, tscinvbit, bmi1, bmi2, adx, fma

Memory: 4k page, system-wide physical 16222M (5050M free)
TotalPageFile size 22373M (AvailPageFile size 3423M)
current process WorkingSet (physical memory assigned to process): 208M, peak: 329M
current process commit charge ("private bytes"): 447M, peak: 447M

vm_info: Java HotSpot(TM) 64-Bit Server VM (11.0.1+13-LTS) for windows-amd64 JRE (11.0.1+13-LTS), built on Oct  6 2018 13:20:16 by "mach5one" with MS VC++ 15.5 (VS2017)

END.
